Using pre-set license
Built from '2020.3/staging' branch; Version is '2020.3.9f1 (108be757e447) revision 1084391'; Using compiler version '192528614'; Build Type 'Release'
OS: 'Windows 10 Home Single Language; OS build 19042.985; Version 2009; 64bit' Language: 'ru' Physical Memory: 15236 MB
BatchMode: 1, IsHumanControllingUs: 0, StartBugReporterOnCrash: 0, Is64bit: 1, IsPro: 0

 COMMAND LINE ARGUMENTS:
C:\Program Files\Unity\Hub\Editor\2020.3.9f1\Editor\Unity.exe
-adb2
-batchMode
-noUpm
-name
AssetImportWorker0
-projectPath
C:/Users/maxim/FlappyBird2
-logFile
Logs/AssetImportWorker0.log
-srvPort
49313
Successfully changed project path to: C:/Users/maxim/FlappyBird2
C:/Users/maxim/FlappyBird2
Using Asset Import Pipeline V2.
Refreshing native plugins compatible for Editor in 118.59 ms, found 1 plugins.
Preloading 0 native plugins for Editor in 0.00 ms.
Initialize engine version: 2020.3.9f1 (108be757e447)
[Subsystems] Discovering subsystems at path C:/Program Files/Unity/Hub/Editor/2020.3.9f1/Editor/Data/Resources/UnitySubsystems
[Subsystems] Discovering subsystems at path C:/Users/maxim/FlappyBird2/Assets
GfxDevice: creating device client; threaded=0
Direct3D:
    Version:  Direct3D 11.0 [level 11.1]
    Renderer: AMD Radeon(TM) Vega 8 Graphics (ID=0x15d8)
    Vendor:   
    VRAM:     7618 MB
    Driver:   26.20.14048.5000
Initialize mono
Mono path[0] = 'C:/Program Files/Unity/Hub/Editor/2020.3.9f1/Editor/Data/Managed'
Mono path[1] = 'C:/Program Files/Unity/Hub/Editor/2020.3.9f1/Editor/Data/MonoBleedingEdge/lib/mono/unityjit'
Mono config path = 'C:/Program Files/Unity/Hub/Editor/2020.3.9f1/Editor/Data/MonoBleedingEdge/etc'
Using monoOptions --debugger-agent=transport=dt_socket,embedding=1,server=y,suspend=n,address=127.0.0.1:56272
Begin MonoManager ReloadAssembly
Registering precompiled unity dll's ...
Register platform support module: C:/Program Files/Unity/Hub/Editor/2020.3.9f1/Editor/Data/PlaybackEngines/WebGLSupport/UnityEditor.WebGL.Extensions.dll
Register platform support module: C:/Program Files/Unity/Hub/Editor/2020.3.9f1/Editor/Data/PlaybackEngines/WindowsStandaloneSupport/UnityEditor.WindowsStandalone.Extensions.dll
Registered in 0.008711 seconds.
Native extension for WindowsStandalone target not found
Native extension for WebGL target not found
Refreshing native plugins compatible for Editor in 85.84 ms, found 1 plugins.
Preloading 0 native plugins for Editor in 0.00 ms.
Mono: successfully reloaded assembly
- Completed reload, in  3.732 seconds
Platform modules already initialized, skipping
Registering precompiled user dll's ...
Registered in 0.003389 seconds.
Begin MonoManager ReloadAssembly
Native extension for WindowsStandalone target not found
Native extension for WebGL target not found
Refreshing native plugins compatible for Editor in 119.95 ms, found 1 plugins.
Preloading 0 native plugins for Editor in 0.00 ms.
Mono: successfully reloaded assembly
- Completed reload, in  2.963 seconds
Platform modules already initialized, skipping
========================================================================
Worker process is ready to serve import requests
Launched and connected shader compiler UnityShaderCompiler.exe after 0.21 seconds
Refreshing native plugins compatible for Editor in 0.85 ms, found 1 plugins.
Preloading 0 native plugins for Editor in 0.00 ms.
Unloading 1813 Unused Serialized files (Serialized files now loaded: 0)
System memory in use before: 85.1 MB.
System memory in use after: 85.1 MB.

Unloading 24 unused Assets to reduce memory usage. Loaded Objects now: 2257.
Total: 5.643400 ms (FindLiveObjects: 0.446700 ms CreateObjectMapping: 0.110300 ms MarkObjects: 4.742500 ms  DeleteObjects: 0.340200 ms)

========================================================================
Received Import Request.
  path: Assets/Prefabs/Pipes.prefab
  artifactKey: Guid(ba339f900310fc64586bea120f51316b) Importer(815301076,1909f56bfc062723c751e8b465ee728b)
Start importing Assets/Prefabs/Pipes.prefab using Guid(ba339f900310fc64586bea120f51316b) Importer(815301076,1909f56bfc062723c751e8b465ee728b)  -> (artifact id: '3f29a49c9a710b4e6f0bb39f85a2bf44') in 0.321270 seconds
  Import took 0.331772 seconds .

========================================================================
Received Import Request.
  Time since last request: 0.327533 seconds.
  path: Assets/Prefabs/Pipes.prefab
  artifactKey: Guid(ba339f900310fc64586bea120f51316b) Importer(815301076,1909f56bfc062723c751e8b465ee728b)
Start importing Assets/Prefabs/Pipes.prefab using Guid(ba339f900310fc64586bea120f51316b) Importer(815301076,1909f56bfc062723c751e8b465ee728b)  -> (artifact id: '3f29a49c9a710b4e6f0bb39f85a2bf44') in 0.028728 seconds
  Import took 0.064413 seconds .

========================================================================
Received Prepare
Registering precompiled user dll's ...
Registered in 0.002866 seconds.
Begin MonoManager ReloadAssembly
Native extension for WindowsStandalone target not found
Native extension for WebGL target not found
Refreshing native plugins compatible for Editor in 1.07 ms, found 1 plugins.
Preloading 0 native plugins for Editor in 0.00 ms.
Mono: successfully reloaded assembly
- Completed reload, in  2.423 seconds
Platform modules already initialized, skipping
Refreshing native plugins compatible for Editor in 0.94 ms, found 1 plugins.
Preloading 0 native plugins for Editor in 0.00 ms.
Unloading 1808 Unused Serialized files (Serialized files now loaded: 0)
System memory in use before: 88.2 MB.
System memory in use after: 88.1 MB.

Unloading 12 unused Assets to reduce memory usage. Loaded Objects now: 2268.
Total: 7.670600 ms (FindLiveObjects: 0.529400 ms CreateObjectMapping: 0.121100 ms MarkObjects: 6.743500 ms  DeleteObjects: 0.272500 ms)

========================================================================
Received Prepare
Registering precompiled user dll's ...
Registered in 0.003747 seconds.
Begin MonoManager ReloadAssembly
Native extension for WindowsStandalone target not found
Native extension for WebGL target not found
Refreshing native plugins compatible for Editor in 1.52 ms, found 1 plugins.
Preloading 0 native plugins for Editor in 0.00 ms.
Mono: successfully reloaded assembly
- Completed reload, in  2.675 seconds
Platform modules already initialized, skipping
Refreshing native plugins compatible for Editor in 1.77 ms, found 1 plugins.
Preloading 0 native plugins for Editor in 0.00 ms.
Unloading 1808 Unused Serialized files (Serialized files now loaded: 0)
System memory in use before: 88.2 MB.
System memory in use after: 88.2 MB.

Unloading 12 unused Assets to reduce memory usage. Loaded Objects now: 2272.
Total: 7.594300 ms (FindLiveObjects: 1.043800 ms CreateObjectMapping: 0.309500 ms MarkObjects: 5.886400 ms  DeleteObjects: 0.348800 ms)

========================================================================
Received Prepare
Refreshing native plugins compatible for Editor in 5.57 ms, found 1 plugins.
Preloading 0 native plugins for Editor in 0.00 ms.
Unloading 10 Unused Serialized files (Serialized files now loaded: 0)
System memory in use before: 52.7 MB.
System memory in use after: 52.6 MB.

Unloading 10 unused Assets to reduce memory usage. Loaded Objects now: 2272.
Total: 6.770000 ms (FindLiveObjects: 0.512400 ms CreateObjectMapping: 0.121000 ms MarkObjects: 5.800200 ms  DeleteObjects: 0.332800 ms)

========================================================================
Received Prepare
Registering precompiled user dll's ...
Registered in 0.007062 seconds.
Begin MonoManager ReloadAssembly
Native extension for WindowsStandalone target not found
Native extension for WebGL target not found
Refreshing native plugins compatible for Editor in 1.70 ms, found 1 plugins.
Preloading 0 native plugins for Editor in 0.00 ms.
Mono: successfully reloaded assembly
- Completed reload, in  3.313 seconds
Platform modules already initialized, skipping
Refreshing native plugins compatible for Editor in 1.69 ms, found 1 plugins.
Preloading 0 native plugins for Editor in 0.00 ms.
Unloading 1808 Unused Serialized files (Serialized files now loaded: 0)
System memory in use before: 88.3 MB.
System memory in use after: 88.2 MB.

Unloading 12 unused Assets to reduce memory usage. Loaded Objects now: 2276.
Total: 11.078000 ms (FindLiveObjects: 1.628800 ms CreateObjectMapping: 0.626800 ms MarkObjects: 8.311800 ms  DeleteObjects: 0.503600 ms)

========================================================================
Received Import Request.
  Time since last request: 6381.804514 seconds.
  path: Assets/Scenes
  artifactKey: Guid(69e17fbc61941864ca0af5652dcdbb4f) Importer(815301076,1909f56bfc062723c751e8b465ee728b)
Start importing Assets/Scenes using Guid(69e17fbc61941864ca0af5652dcdbb4f) Importer(815301076,1909f56bfc062723c751e8b465ee728b)  -> (artifact id: 'ad1c447582e309e1751d804ffdcff84e') in 0.034094 seconds
  Import took 0.074459 seconds .

========================================================================
Received Prepare
Registering precompiled user dll's ...
Registered in 0.004003 seconds.
Begin MonoManager ReloadAssembly
Native extension for WindowsStandalone target not found
Native extension for WebGL target not found
Refreshing native plugins compatible for Editor in 0.70 ms, found 1 plugins.
Preloading 0 native plugins for Editor in 0.00 ms.
Mono: successfully reloaded assembly
- Completed reload, in  2.238 seconds
Platform modules already initialized, skipping
Refreshing native plugins compatible for Editor in 0.96 ms, found 1 plugins.
Preloading 0 native plugins for Editor in 0.00 ms.
Unloading 1808 Unused Serialized files (Serialized files now loaded: 0)
System memory in use before: 88.3 MB.
System memory in use after: 88.2 MB.

Unloading 12 unused Assets to reduce memory usage. Loaded Objects now: 2280.
Total: 5.515200 ms (FindLiveObjects: 0.405700 ms CreateObjectMapping: 0.107600 ms MarkObjects: 4.626300 ms  DeleteObjects: 0.370200 ms)

========================================================================
Received Import Request.
  Time since last request: 242.364854 seconds.
  path: Assets/Scripts/Bird.cs
  artifactKey: Guid(b4c923547dc50fe43b3dfab132e4cf0a) Importer(815301076,1909f56bfc062723c751e8b465ee728b)
Start importing Assets/Scripts/Bird.cs using Guid(b4c923547dc50fe43b3dfab132e4cf0a) Importer(815301076,1909f56bfc062723c751e8b465ee728b)  -> (artifact id: '55a353d13fff12707b106f73322b0fa4') in 0.050692 seconds
  Import took 0.059800 seconds .

========================================================================
Received Import Request.
  Time since last request: 0.038853 seconds.
  path: Assets/Scripts/Bird.cs
  artifactKey: Guid(b4c923547dc50fe43b3dfab132e4cf0a) Importer(815301076,1909f56bfc062723c751e8b465ee728b)
Start importing Assets/Scripts/Bird.cs using Guid(b4c923547dc50fe43b3dfab132e4cf0a) Importer(815301076,1909f56bfc062723c751e8b465ee728b)  -> (artifact id: '55a353d13fff12707b106f73322b0fa4') in 0.009487 seconds
  Import took 0.015044 seconds .

========================================================================
Received Prepare
Registering precompiled user dll's ...
Registered in 0.002595 seconds.
Begin MonoManager ReloadAssembly
Native extension for WindowsStandalone target not found
Native extension for WebGL target not found
Refreshing native plugins compatible for Editor in 0.53 ms, found 1 plugins.
Preloading 0 native plugins for Editor in 0.00 ms.
Mono: successfully reloaded assembly
- Completed reload, in  2.163 seconds
Platform modules already initialized, skipping
Refreshing native plugins compatible for Editor in 0.80 ms, found 1 plugins.
Preloading 0 native plugins for Editor in 0.00 ms.
Unloading 1808 Unused Serialized files (Serialized files now loaded: 0)
System memory in use before: 88.3 MB.
System memory in use after: 88.3 MB.

Unloading 12 unused Assets to reduce memory usage. Loaded Objects now: 2284.
Total: 5.555800 ms (FindLiveObjects: 0.419900 ms CreateObjectMapping: 0.109900 ms MarkObjects: 4.724200 ms  DeleteObjects: 0.298200 ms)

========================================================================
Received Import Request.
  Time since last request: 112.300396 seconds.
  path: Assets/Scripts/Bird.cs
  artifactKey: Guid(b4c923547dc50fe43b3dfab132e4cf0a) Importer(815301076,1909f56bfc062723c751e8b465ee728b)
Start importing Assets/Scripts/Bird.cs using Guid(b4c923547dc50fe43b3dfab132e4cf0a) Importer(815301076,1909f56bfc062723c751e8b465ee728b)  -> (artifact id: 'd692cbf11015a35da0e9637f072a6c28') in 0.014934 seconds
  Import took 0.023458 seconds .

========================================================================
Received Import Request.
  Time since last request: 0.074404 seconds.
  path: Assets/Scripts/Bird.cs
  artifactKey: Guid(b4c923547dc50fe43b3dfab132e4cf0a) Importer(815301076,1909f56bfc062723c751e8b465ee728b)
Start importing Assets/Scripts/Bird.cs using Guid(b4c923547dc50fe43b3dfab132e4cf0a) Importer(815301076,1909f56bfc062723c751e8b465ee728b)  -> (artifact id: 'd692cbf11015a35da0e9637f072a6c28') in 0.010220 seconds
  Import took 0.016879 seconds .

========================================================================
Received Prepare
Registering precompiled user dll's ...
Registered in 0.002045 seconds.
Begin MonoManager ReloadAssembly
Native extension for WindowsStandalone target not found
Native extension for WebGL target not found
Refreshing native plugins compatible for Editor in 0.52 ms, found 1 plugins.
Preloading 0 native plugins for Editor in 0.00 ms.
Mono: successfully reloaded assembly
- Completed reload, in  1.839 seconds
Platform modules already initialized, skipping
Refreshing native plugins compatible for Editor in 0.65 ms, found 1 plugins.
Preloading 0 native plugins for Editor in 0.00 ms.
Unloading 1808 Unused Serialized files (Serialized files now loaded: 0)
System memory in use before: 88.3 MB.
System memory in use after: 88.3 MB.

Unloading 12 unused Assets to reduce memory usage. Loaded Objects now: 2288.
Total: 3.689500 ms (FindLiveObjects: 0.277400 ms CreateObjectMapping: 0.066500 ms MarkObjects: 3.151600 ms  DeleteObjects: 0.191300 ms)

========================================================================
Received Prepare
Refreshing native plugins compatible for Editor in 5.88 ms, found 1 plugins.
Preloading 0 native plugins for Editor in 0.00 ms.
Unloading 10 Unused Serialized files (Serialized files now loaded: 0)
System memory in use before: 52.8 MB.
System memory in use after: 52.7 MB.

Unloading 10 unused Assets to reduce memory usage. Loaded Objects now: 2288.
Total: 6.220800 ms (FindLiveObjects: 0.385100 ms CreateObjectMapping: 0.105500 ms MarkObjects: 5.456200 ms  DeleteObjects: 0.270800 ms)

AssetImportWorkerClient::OnTransportError - code=2 error=End of file
